#! /c/Source/iverilog-install/bin/vvp
:ivl_version "12.0 (devel)" "(s20150603-1539-g2693dd32b)";
:ivl_delay_selection "TYPICAL";
:vpi_time_precision - 12;
:vpi_module "C:\iverilog\lib\ivl\system.vpi";
:vpi_module "C:\iverilog\lib\ivl\vhdl_sys.vpi";
:vpi_module "C:\iverilog\lib\ivl\vhdl_textio.vpi";
:vpi_module "C:\iverilog\lib\ivl\v2005_math.vpi";
:vpi_module "C:\iverilog\lib\ivl\va_math.vpi";
:vpi_module "C:\iverilog\lib\ivl\v2009.vpi";
S_00000289596f45d0 .scope package, "$unit" "$unit" 2 1;
 .timescale 0 0;
S_000002895970fa30 .scope module, "debounce" "debounce" 3 1;
 .timescale 0 0;
    .port_info 0 /INPUT 1 "clk";
    .port_info 1 /INPUT 1 "rst_n";
    .port_info 2 /INPUT 1 "tick";
    .port_info 3 /INPUT 1 "async_in";
    .port_info 4 /OUTPUT 1 "level";
    .port_info 5 /OUTPUT 1 "rise_pulse";
o000002895971dff8 .functor BUFZ 1, C4<z>; HiZ drive
v00000289596c2e00_0 .net "async_in", 0 0, o000002895971dff8;  0 drivers
o000002895971e028 .functor BUFZ 1, C4<z>; HiZ drive
v00000289597705c0_0 .net "clk", 0 0, o000002895971e028;  0 drivers
v00000289597702a0_0 .var "last", 0 0;
v0000028959770980_0 .var "level", 0 0;
v0000028959770660_0 .var "rise_pulse", 0 0;
o000002895971e0e8 .functor BUFZ 1, C4<z>; HiZ drive
v0000028959770340_0 .net "rst_n", 0 0, o000002895971e0e8;  0 drivers
v00000289597708e0_0 .var "sync1", 0 0;
v00000289597703e0_0 .var "sync2", 0 0;
o000002895971e178 .functor BUFZ 1, C4<z>; HiZ drive
v0000028959770840_0 .net "tick", 0 0, o000002895971e178;  0 drivers
E_00000289596f1600/0 .event negedge, v0000028959770340_0;
E_00000289596f1600/1 .event posedge, v00000289597705c0_0;
E_00000289596f1600 .event/or E_00000289596f1600/0, E_00000289596f1600/1;
E_00000289596f06c0 .event posedge, v00000289597705c0_0;
S_000002895970fbc0 .scope module, "home_tb" "home_tb" 4 4;
 .timescale -9 -12;
v0000028959773c60_0 .net "alarm", 0 0, v0000028959770f20_0;  1 drivers
v0000028959774020_0 .var "clk", 0 0;
v0000028959773ee0_0 .var "dark", 0 0;
v0000028959773580_0 .var "door", 0 0;
v0000028959772540_0 .net "fan", 0 0, v0000028959772d60_0;  1 drivers
v0000028959773620_0 .net "light", 0 0, v0000028959773800_0;  1 drivers
v00000289597733a0_0 .var "manual", 0 0;
v0000028959772220_0 .var "pir", 0 0;
v0000028959773a80_0 .net "relay", 0 0, L_00000289597719c0;  1 drivers
v0000028959773440_0 .var "reset", 0 0;
v0000028959772f40_0 .var "security", 0 0;
v0000028959773080_0 .var "temp_high", 0 0;
S_0000028959704dc0 .scope module, "DUT" "top" 4 35, 5 1 0, S_000002895970fbc0;
 .timescale 0 0;
    .port_info 0 /INPUT 1 "clk";
    .port_info 1 /INPUT 1 "reset";
    .port_info 2 /INPUT 1 "pir";
    .port_info 3 /INPUT 1 "dark";
    .port_info 4 /INPUT 1 "temp_high";
    .port_info 5 /INPUT 1 "door";
    .port_info 6 /INPUT 1 "security";
    .port_info 7 /INPUT 1 "manual";
    .port_info 8 /OUTPUT 1 "L0_PWM";
    .port_info 9 /OUTPUT 1 "FAN_PWM";
    .port_info 10 /OUTPUT 1 "RELAY";
    .port_info 11 /OUTPUT 1 "ALARM";
L_0000028959771db0 .functor NOT 1, v0000028959773440_0, C4<0>, C4<0>, C4<0>;
L_0000028959771bf0 .functor NOT 1, v0000028959773440_0, C4<0>, C4<0>, C4<0>;
L_00000289597716b0 .functor NOT 1, v0000028959773440_0, C4<0>, C4<0>, C4<0>;
L_0000028959771b10 .functor NOT 1, v0000028959773440_0, C4<0>, C4<0>, C4<0>;
L_00000289597719c0 .functor BUFZ 1, v0000028959772f40_0, C4<0>, C4<0>, C4<0>;
v0000028959772ea0_0 .net "ALARM", 0 0, v0000028959770f20_0;  alias, 1 drivers
v0000028959773120_0 .net "FAN_PWM", 0 0, v0000028959772d60_0;  alias, 1 drivers
v0000028959773da0_0 .net "L0_PWM", 0 0, v0000028959773800_0;  alias, 1 drivers
v0000028959773760_0 .net "RELAY", 0 0, L_00000289597719c0;  alias, 1 drivers
v0000028959772ae0_0 .net "clk", 0 0, v0000028959774020_0;  1 drivers
v0000028959772c20_0 .net "dark", 0 0, v0000028959773ee0_0;  1 drivers
v00000289597734e0_0 .net "door", 0 0, v0000028959773580_0;  1 drivers
v0000028959772360_0 .net "fan_value", 7 0, v0000028959770520_0;  1 drivers
v00000289597731c0_0 .net "light_value", 7 0, v0000028959770700_0;  1 drivers
v0000028959772cc0_0 .net "manual", 0 0, v00000289597733a0_0;  1 drivers
v0000028959772180_0 .net "pir", 0 0, v0000028959772220_0;  1 drivers
v0000028959772680_0 .net "reset", 0 0, v0000028959773440_0;  1 drivers
v0000028959773e40_0 .net "security", 0 0, v0000028959772f40_0;  1 drivers
v0000028959772720_0 .net "temp_high", 0 0, v0000028959773080_0;  1 drivers
v0000028959773260_0 .net "tick", 0 0, v0000028959770200_0;  1 drivers
S_0000028959712c90 .scope module, "clk_unit" "clk_en" 5 33, 6 1 0, S_0000028959704dc0;
 .timescale 0 0;
    .port_info 0 /INPUT 1 "clk";
    .port_info 1 /INPUT 1 "rst_n";
    .port_info 2 /OUTPUT 1 "tick";
P_00000289596f4760 .param/l "CLK_HZ" 0 6 1, +C4<00000010111110101111000010000000>;
P_00000289596f4798 .param/l "DIV" 1 6 9, +C4<00000000000000001100001101010000>;
P_00000289596f47d0 .param/l "TICK_HZ" 0 6 2, +C4<00000000000000000000001111101000>;
v0000028959770a20_0 .net "clk", 0 0, v0000028959774020_0;  alias, 1 drivers
v0000028959770160_0 .var "count", 15 0;
v0000028959770480_0 .net "rst_n", 0 0, L_0000028959771db0;  1 drivers
v0000028959770200_0 .var "tick", 0 0;
E_00000289596f1680/0 .event negedge, v0000028959770480_0;
E_00000289596f1680/1 .event posedge, v0000028959770a20_0;
E_00000289596f1680 .event/or E_00000289596f1680/0, E_00000289596f1680/1;
S_0000028959712e20 .scope module, "controller" "ctrl_fsm" 5 51, 7 1 0, S_0000028959704dc0;
 .timescale 0 0;
    .port_info 0 /INPUT 1 "clk";
    .port_info 1 /INPUT 1 "rst_n";
    .port_info 2 /INPUT 1 "pir";
    .port_info 3 /INPUT 1 "dark";
    .port_info 4 /INPUT 1 "temp_high";
    .port_info 5 /INPUT 1 "door_open";
    .port_info 6 /INPUT 1 "security";
    .port_info 7 /INPUT 1 "manual";
    .port_info 8 /OUTPUT 8 "L0";
    .port_info 9 /OUTPUT 8 "FAN";
    .port_info 10 /OUTPUT 1 "alarm";
v0000028959770520_0 .var "FAN", 7 0;
v0000028959770700_0 .var "L0", 7 0;
v0000028959770f20_0 .var "alarm", 0 0;
v0000028959770b60_0 .net "clk", 0 0, v0000028959774020_0;  alias, 1 drivers
v0000028959770ac0_0 .net "dark", 0 0, v0000028959773ee0_0;  alias, 1 drivers
v00000289597707a0_0 .net "door_open", 0 0, v0000028959773580_0;  alias, 1 drivers
v0000028959770c00_0 .net "manual", 0 0, v00000289597733a0_0;  alias, 1 drivers
v0000028959770d40_0 .net "pir", 0 0, v0000028959772220_0;  alias, 1 drivers
v0000028959770ca0_0 .net "rst_n", 0 0, L_0000028959771bf0;  1 drivers
v0000028959770de0_0 .net "security", 0 0, v0000028959772f40_0;  alias, 1 drivers
v0000028959770e80_0 .net "temp_high", 0 0, v0000028959773080_0;  alias, 1 drivers
E_00000289596f2580/0 .event negedge, v0000028959770ca0_0;
E_00000289596f2580/1 .event posedge, v0000028959770a20_0;
E_00000289596f2580 .event/or E_00000289596f2580/0, E_00000289596f2580/1;
S_00000289596fc690 .scope module, "fan_pwm" "pwm8" 5 96, 8 1 0, S_0000028959704dc0;
 .timescale 0 0;
    .port_info 0 /INPUT 1 "clk";
    .port_info 1 /INPUT 1 "rst_n";
    .port_info 2 /INPUT 1 "tick_1k";
    .port_info 3 /INPUT 8 "duty";
    .port_info 4 /OUTPUT 1 "out";
v0000028959770fc0_0 .net "clk", 0 0, v0000028959774020_0;  alias, 1 drivers
v0000028959771060_0 .var "counter", 7 0;
v00000289597736c0_0 .net "duty", 7 0, v0000028959770520_0;  alias, 1 drivers
v0000028959772d60_0 .var "out", 0 0;
v0000028959772400_0 .net "rst_n", 0 0, L_0000028959771b10;  1 drivers
v00000289597724a0_0 .net "tick_1k", 0 0, v0000028959770200_0;  alias, 1 drivers
E_00000289596f1e80/0 .event negedge, v0000028959772400_0;
E_00000289596f1e80/1 .event posedge, v0000028959770a20_0;
E_00000289596f1e80 .event/or E_00000289596f1e80/0, E_00000289596f1e80/1;
S_00000289596fc820 .scope module, "light_pwm" "pwm8" 5 80, 8 1 0, S_0000028959704dc0;
 .timescale 0 0;
    .port_info 0 /INPUT 1 "clk";
    .port_info 1 /INPUT 1 "rst_n";
    .port_info 2 /INPUT 1 "tick_1k";
    .port_info 3 /INPUT 8 "duty";
    .port_info 4 /OUTPUT 1 "out";
v0000028959773f80_0 .net "clk", 0 0, v0000028959774020_0;  alias, 1 drivers
v0000028959772b80_0 .var "counter", 7 0;
v0000028959773940_0 .net "duty", 7 0, v0000028959770700_0;  alias, 1 drivers
v0000028959773800_0 .var "out", 0 0;
v00000289597727c0_0 .net "rst_n", 0 0, L_00000289597716b0;  1 drivers
v0000028959773300_0 .net "tick_1k", 0 0, v0000028959770200_0;  alias, 1 drivers
E_00000289596f1940/0 .event negedge, v00000289597727c0_0;
E_00000289596f1940/1 .event posedge, v0000028959770a20_0;
E_00000289596f1940 .event/or E_00000289596f1940/0, E_00000289596f1940/1;
S_0000028959704c30 .scope module, "scenes" "scenes" 9 1;
 .timescale 0 0;
    .port_info 0 /INPUT 3 "index";
    .port_info 1 /OUTPUT 8 "L0";
    .port_info 2 /OUTPUT 8 "L1";
    .port_info 3 /OUTPUT 8 "L2";
    .port_info 4 /OUTPUT 8 "L3";
    .port_info 5 /OUTPUT 8 "F0";
    .port_info 6 /OUTPUT 8 "F1";
    .port_info 7 /OUTPUT 4 "R";
v0000028959772e00_0 .var "F0", 7 0;
v00000289597729a0_0 .var "F1", 7 0;
v00000289597725e0_0 .var "L0", 7 0;
v00000289597739e0_0 .var "L1", 7 0;
v00000289597738a0_0 .var "L2", 7 0;
v0000028959773b20_0 .var "L3", 7 0;
v0000028959772fe0_0 .var "R", 3 0;
o000002895971eef8 .functor BUFZ 3, C4<zzz>; HiZ drive
v00000289597722c0_0 .net "index", 2 0, o000002895971eef8;  0 drivers
E_00000289596f1840 .event anyedge, v00000289597722c0_0;
    .scope S_000002895970fa30;
T_0 ;
    %wait E_00000289596f06c0;
    %load/vec4 v00000289596c2e00_0;
    %assign/vec4 v00000289597708e0_0, 0;
    %load/vec4 v00000289597708e0_0;
    %assign/vec4 v00000289597703e0_0, 0;
    %jmp T_0;
    .thread T_0;
    .scope S_000002895970fa30;
T_1 ;
    %wait E_00000289596f1600;
    %load/vec4 v0000028959770340_0;
    %nor/r;
    %flag_set/vec4 8;
    %jmp/0xz  T_1.0, 8;
    %pushi/vec4 0, 0, 1;
    %assign/vec4 v0000028959770980_0, 0;
    %pushi/vec4 0, 0, 1;
    %assign/vec4 v00000289597702a0_0, 0;
    %pushi/vec4 0, 0, 1;
    %assign/vec4 v0000028959770660_0, 0;
    %jmp T_1.1;
T_1.0 ;
    %load/vec4 v0000028959770840_0;
    %flag_set/vec4 8;
    %jmp/0xz  T_1.2, 8;
    %pushi/vec4 0, 0, 1;
    %assign/vec4 v0000028959770660_0, 0;
    %load/vec4 v00000289597703e0_0;
    %assign/vec4 v0000028959770980_0, 0;
    %load/vec4 v00000289597703e0_0;
    %flag_set/vec4 9;
    %flag_get/vec4 9;
    %jmp/0 T_1.6, 9;
    %load/vec4 v00000289597702a0_0;
    %nor/r;
    %and;
T_1.6;
    %flag_set/vec4 8;
    %jmp/0xz  T_1.4, 8;
    %pushi/vec4 1, 0, 1;
    %assign/vec4 v0000028959770660_0, 0;
T_1.4 ;
    %load/vec4 v00000289597703e0_0;
    %assign/vec4 v00000289597702a0_0, 0;
T_1.2 ;
T_1.1 ;
    %jmp T_1;
    .thread T_1;
    .scope S_0000028959712c90;
T_2 ;
    %wait E_00000289596f1680;
    %load/vec4 v0000028959770480_0;
    %nor/r;
    %flag_set/vec4 8;
    %jmp/0xz  T_2.0, 8;
    %pushi/vec4 0, 0, 16;
    %assign/vec4 v0000028959770160_0, 0;
    %pushi/vec4 0, 0, 1;
    %assign/vec4 v0000028959770200_0, 0;
    %jmp T_2.1;
T_2.0 ;
    %pushi/vec4 0, 0, 1;
    %assign/vec4 v0000028959770200_0, 0;
    %load/vec4 v0000028959770160_0;
    %pad/u 32;
    %cmpi/e 49999, 0, 32;
    %jmp/0xz  T_2.2, 4;
    %pushi/vec4 0, 0, 16;
    %assign/vec4 v0000028959770160_0, 0;
    %pushi/vec4 1, 0, 1;
    %assign/vec4 v0000028959770200_0, 0;
    %jmp T_2.3;
T_2.2 ;
    %load/vec4 v0000028959770160_0;
    %addi 1, 0, 16;
    %assign/vec4 v0000028959770160_0, 0;
T_2.3 ;
T_2.1 ;
    %jmp T_2;
    .thread T_2;
    .scope S_0000028959712e20;
T_3 ;
    %wait E_00000289596f2580;
    %load/vec4 v0000028959770ca0_0;
    %nor/r;
    %flag_set/vec4 8;
    %jmp/0xz  T_3.0, 8;
    %pushi/vec4 0, 0, 8;
    %assign/vec4 v0000028959770700_0, 0;
    %pushi/vec4 0, 0, 8;
    %assign/vec4 v0000028959770520_0, 0;
    %pushi/vec4 0, 0, 1;
    %assign/vec4 v0000028959770f20_0, 0;
    %jmp T_3.1;
T_3.0 ;
    %load/vec4 v00000289597707a0_0;
    %flag_set/vec4 9;
    %flag_get/vec4 9;
    %jmp/0 T_3.4, 9;
    %load/vec4 v0000028959770de0_0;
    %and;
T_3.4;
    %flag_set/vec4 8;
    %jmp/0xz  T_3.2, 8;
    %pushi/vec4 1, 0, 1;
    %assign/vec4 v0000028959770f20_0, 0;
    %pushi/vec4 255, 0, 8;
    %assign/vec4 v0000028959770700_0, 0;
    %pushi/vec4 0, 0, 8;
    %assign/vec4 v0000028959770520_0, 0;
    %jmp T_3.3;
T_3.2 ;
    %load/vec4 v0000028959770c00_0;
    %flag_set/vec4 8;
    %jmp/0xz  T_3.5, 8;
    %pushi/vec4 0, 0, 1;
    %assign/vec4 v0000028959770f20_0, 0;
    %pushi/vec4 255, 0, 8;
    %assign/vec4 v0000028959770700_0, 0;
    %jmp T_3.6;
T_3.5 ;
    %load/vec4 v0000028959770d40_0;
    %flag_set/vec4 9;
    %flag_get/vec4 9;
    %jmp/0 T_3.9, 9;
    %load/vec4 v0000028959770ac0_0;
    %and;
T_3.9;
    %flag_set/vec4 8;
    %jmp/0xz  T_3.7, 8;
    %pushi/vec4 0, 0, 1;
    %assign/vec4 v0000028959770f20_0, 0;
    %pushi/vec4 200, 0, 8;
    %assign/vec4 v0000028959770700_0, 0;
    %jmp T_3.8;
T_3.7 ;
    %load/vec4 v0000028959770e80_0;
    %flag_set/vec4 8;
    %jmp/0xz  T_3.10, 8;
    %pushi/vec4 0, 0, 1;
    %assign/vec4 v0000028959770f20_0, 0;
    %pushi/vec4 255, 0, 8;
    %assign/vec4 v0000028959770520_0, 0;
    %jmp T_3.11;
T_3.10 ;
    %pushi/vec4 0, 0, 8;
    %assign/vec4 v0000028959770700_0, 0;
    %pushi/vec4 0, 0, 8;
    %assign/vec4 v0000028959770520_0, 0;
    %pushi/vec4 0, 0, 1;
    %assign/vec4 v0000028959770f20_0, 0;
T_3.11 ;
T_3.8 ;
T_3.6 ;
T_3.3 ;
T_3.1 ;
    %jmp T_3;
    .thread T_3;
    .scope S_00000289596fc820;
T_4 ;
    %wait E_00000289596f1940;
    %load/vec4 v00000289597727c0_0;
    %nor/r;
    %flag_set/vec4 8;
    %jmp/0xz  T_4.0, 8;
    %pushi/vec4 0, 0, 8;
    %assign/vec4 v0000028959772b80_0, 0;
    %pushi/vec4 0, 0, 1;
    %assign/vec4 v0000028959773800_0, 0;
    %jmp T_4.1;
T_4.0 ;
    %load/vec4 v0000028959773300_0;
    %flag_set/vec4 8;
    %jmp/0xz  T_4.2, 8;
    %load/vec4 v0000028959772b80_0;
    %addi 1, 0, 8;
    %assign/vec4 v0000028959772b80_0, 0;
    %load/vec4 v0000028959772b80_0;
    %load/vec4 v0000028959773940_0;
    %cmp/u;
    %jmp/0xz  T_4.4, 5;
    %pushi/vec4 1, 0, 1;
    %assign/vec4 v0000028959773800_0, 0;
    %jmp T_4.5;
T_4.4 ;
    %pushi/vec4 0, 0, 1;
    %assign/vec4 v0000028959773800_0, 0;
T_4.5 ;
T_4.2 ;
T_4.1 ;
    %jmp T_4;
    .thread T_4;
    .scope S_00000289596fc690;
T_5 ;
    %wait E_00000289596f1e80;
    %load/vec4 v0000028959772400_0;
    %nor/r;
    %flag_set/vec4 8;
    %jmp/0xz  T_5.0, 8;
    %pushi/vec4 0, 0, 8;
    %assign/vec4 v0000028959771060_0, 0;
    %pushi/vec4 0, 0, 1;
    %assign/vec4 v0000028959772d60_0, 0;
    %jmp T_5.1;
T_5.0 ;
    %load/vec4 v00000289597724a0_0;
    %flag_set/vec4 8;
    %jmp/0xz  T_5.2, 8;
    %load/vec4 v0000028959771060_0;
    %addi 1, 0, 8;
    %assign/vec4 v0000028959771060_0, 0;
    %load/vec4 v0000028959771060_0;
    %load/vec4 v00000289597736c0_0;
    %cmp/u;
    %jmp/0xz  T_5.4, 5;
    %pushi/vec4 1, 0, 1;
    %assign/vec4 v0000028959772d60_0, 0;
    %jmp T_5.5;
T_5.4 ;
    %pushi/vec4 0, 0, 1;
    %assign/vec4 v0000028959772d60_0, 0;
T_5.5 ;
T_5.2 ;
T_5.1 ;
    %jmp T_5;
    .thread T_5;
    .scope S_000002895970fbc0;
T_6 ;
    %pushi/vec4 0, 0, 1;
    %store/vec4 v0000028959774020_0, 0, 1;
    %pushi/vec4 1, 0, 1;
    %store/vec4 v0000028959773440_0, 0, 1;
    %pushi/vec4 0, 0, 1;
    %store/vec4 v0000028959772220_0, 0, 1;
    %pushi/vec4 0, 0, 1;
    %store/vec4 v0000028959773ee0_0, 0, 1;
    %pushi/vec4 0, 0, 1;
    %store/vec4 v0000028959773080_0, 0, 1;
    %pushi/vec4 0, 0, 1;
    %store/vec4 v0000028959773580_0, 0, 1;
    %pushi/vec4 0, 0, 1;
    %store/vec4 v0000028959772f40_0, 0, 1;
    %pushi/vec4 0, 0, 1;
    %store/vec4 v00000289597733a0_0, 0, 1;
    %end;
    .thread T_6, $init;
    .scope S_000002895970fbc0;
T_7 ;
    %delay 5000, 0;
    %load/vec4 v0000028959774020_0;
    %inv;
    %store/vec4 v0000028959774020_0, 0, 1;
    %jmp T_7;
    .thread T_7;
    .scope S_000002895970fbc0;
T_8 ;
    %vpi_call/w 4 74 "$dumpfile", "home.vcd" {0 0 0};
    %vpi_call/w 4 76 "$dumpvars", 32'sb00000000000000000000000000000000, S_000002895970fbc0 {0 0 0};
    %delay 50000, 0;
    %pushi/vec4 0, 0, 1;
    %store/vec4 v0000028959773440_0, 0, 1;
    %delay 100000, 0;
    %pushi/vec4 1, 0, 1;
    %store/vec4 v0000028959772220_0, 0, 1;
    %pushi/vec4 1, 0, 1;
    %store/vec4 v0000028959773ee0_0, 0, 1;
    %delay 200000, 0;
    %pushi/vec4 0, 0, 1;
    %store/vec4 v0000028959772220_0, 0, 1;
    %delay 200000, 0;
    %pushi/vec4 1, 0, 1;
    %store/vec4 v0000028959773080_0, 0, 1;
    %delay 100000, 0;
    %pushi/vec4 0, 0, 1;
    %store/vec4 v0000028959773080_0, 0, 1;
    %delay 200000, 0;
    %pushi/vec4 1, 0, 1;
    %store/vec4 v0000028959772f40_0, 0, 1;
    %pushi/vec4 1, 0, 1;
    %store/vec4 v0000028959773580_0, 0, 1;
    %delay 100000, 0;
    %pushi/vec4 0, 0, 1;
    %store/vec4 v0000028959772f40_0, 0, 1;
    %pushi/vec4 0, 0, 1;
    %store/vec4 v0000028959773580_0, 0, 1;
    %pushi/vec4 1, 0, 1;
    %store/vec4 v00000289597733a0_0, 0, 1;
    %delay 200000, 0;
    %vpi_call/w 4 136 "$finish" {0 0 0};
    %end;
    .thread T_8;
    .scope S_0000028959704c30;
T_9 ;
    %wait E_00000289596f1840;
    %load/vec4 v00000289597722c0_0;
    %dup/vec4;
    %pushi/vec4 0, 0, 3;
    %cmp/u;
    %jmp/1 T_9.0, 6;
    %dup/vec4;
    %pushi/vec4 1, 0, 3;
    %cmp/u;
    %jmp/1 T_9.1, 6;
    %dup/vec4;
    %pushi/vec4 2, 0, 3;
    %cmp/u;
    %jmp/1 T_9.2, 6;
    %dup/vec4;
    %pushi/vec4 3, 0, 3;
    %cmp/u;
    %jmp/1 T_9.3, 6;
    %pushi/vec4 0, 0, 8;
    %store/vec4 v00000289597725e0_0, 0, 8;
    %pushi/vec4 0, 0, 8;
    %store/vec4 v00000289597739e0_0, 0, 8;
    %pushi/vec4 0, 0, 8;
    %store/vec4 v00000289597738a0_0, 0, 8;
    %pushi/vec4 0, 0, 8;
    %store/vec4 v0000028959773b20_0, 0, 8;
    %pushi/vec4 0, 0, 8;
    %store/vec4 v0000028959772e00_0, 0, 8;
    %pushi/vec4 0, 0, 8;
    %store/vec4 v00000289597729a0_0, 0, 8;
    %pushi/vec4 0, 0, 4;
    %store/vec4 v0000028959772fe0_0, 0, 4;
    %jmp T_9.5;
T_9.0 ;
    %pushi/vec4 0, 0, 8;
    %store/vec4 v00000289597725e0_0, 0, 8;
    %pushi/vec4 0, 0, 8;
    %store/vec4 v00000289597739e0_0, 0, 8;
    %pushi/vec4 0, 0, 8;
    %store/vec4 v00000289597738a0_0, 0, 8;
    %pushi/vec4 0, 0, 8;
    %store/vec4 v0000028959773b20_0, 0, 8;
    %pushi/vec4 0, 0, 8;
    %store/vec4 v0000028959772e00_0, 0, 8;
    %pushi/vec4 0, 0, 8;
    %store/vec4 v00000289597729a0_0, 0, 8;
    %pushi/vec4 0, 0, 4;
    %store/vec4 v0000028959772fe0_0, 0, 4;
    %jmp T_9.5;
T_9.1 ;
    %pushi/vec4 200, 0, 8;
    %store/vec4 v00000289597725e0_0, 0, 8;
    %pushi/vec4 100, 0, 8;
    %store/vec4 v00000289597739e0_0, 0, 8;
    %pushi/vec4 50, 0, 8;
    %store/vec4 v00000289597738a0_0, 0, 8;
    %pushi/vec4 0, 0, 8;
    %store/vec4 v0000028959773b20_0, 0, 8;
    %pushi/vec4 0, 0, 8;
    %store/vec4 v0000028959772e00_0, 0, 8;
    %pushi/vec4 0, 0, 8;
    %store/vec4 v00000289597729a0_0, 0, 8;
    %pushi/vec4 1, 0, 4;
    %store/vec4 v0000028959772fe0_0, 0, 4;
    %jmp T_9.5;
T_9.2 ;
    %pushi/vec4 255, 0, 8;
    %store/vec4 v00000289597725e0_0, 0, 8;
    %pushi/vec4 200, 0, 8;
    %store/vec4 v00000289597739e0_0, 0, 8;
    %pushi/vec4 0, 0, 8;
    %store/vec4 v00000289597738a0_0, 0, 8;
    %pushi/vec4 0, 0, 8;
    %store/vec4 v0000028959773b20_0, 0, 8;
    %pushi/vec4 150, 0, 8;
    %store/vec4 v0000028959772e00_0, 0, 8;
    %pushi/vec4 0, 0, 8;
    %store/vec4 v00000289597729a0_0, 0, 8;
    %pushi/vec4 3, 0, 4;
    %store/vec4 v0000028959772fe0_0, 0, 4;
    %jmp T_9.5;
T_9.3 ;
    %pushi/vec4 20, 0, 8;
    %store/vec4 v00000289597725e0_0, 0, 8;
    %pushi/vec4 20, 0, 8;
    %store/vec4 v00000289597739e0_0, 0, 8;
    %pushi/vec4 0, 0, 8;
    %store/vec4 v00000289597738a0_0, 0, 8;
    %pushi/vec4 0, 0, 8;
    %store/vec4 v0000028959773b20_0, 0, 8;
    %pushi/vec4 0, 0, 8;
    %store/vec4 v0000028959772e00_0, 0, 8;
    %pushi/vec4 0, 0, 8;
    %store/vec4 v00000289597729a0_0, 0, 8;
    %pushi/vec4 0, 0, 4;
    %store/vec4 v0000028959772fe0_0, 0, 4;
    %jmp T_9.5;
T_9.5 ;
    %pop/vec4 1;
    %jmp T_9;
    .thread T_9, $push;
# The file index is used to find the file name in the following table.
:file_names 10;
    "N/A";
    "<interactive>";
    "-";
    "rtl\debounce.v";
    "tb\home_tb.v";
    "rtl\top.v";
    "rtl\clk_en.v";
    "rtl\ctrl_fsm.v";
    "rtl\pwm8.v";
    "rtl\scenes.v";
